-------------------------------------------------------------------------------
Test set: com.cbo.audit.CboAmsApplicationTests
-------------------------------------------------------------------------------
Tests run: 1, Failures: 0, Errors: 1, Skipped: 0, Time elapsed: 4.17 s <<< FAILURE! - in com.cbo.audit.CboAmsApplicationTests
contextLoads  Time elapsed: 0.007 s  <<< ERROR!
java.lang.IllegalStateException: Failed to load ApplicationContext
Caused by: org.springframework.beans.factory.BeanCreationException: Error creating bean with name 'entityManagerFactory' defined in class path resource [org/springframework/boot/autoconfigure/orm/jpa/HibernateJpaConfiguration.class]: Invocation of init method failed; nested exception is org.hibernate.AnnotationException: @Column(s) not allowed on a @ManyToOne property: com.cbo.audit.persistence.model.FindingComment.finding
Caused by: org.hibernate.AnnotationException: @Column(s) not allowed on a @ManyToOne property: com.cbo.audit.persistence.model.FindingComment.finding

